<?xml version="1.0" encoding="UTF-8"?>
<testng-results skipped="0" failed="0" ignored="0" total="0" passed="0">
  <reporter-output>
  </reporter-output>
  <suite name="com.sample.myfirstmavenproject.AppTest" duration-ms="3" started-at="2018-07-10T13:34:40Z" finished-at="2018-07-10T13:34:40Z">
    <groups>
    </groups>
    <test name="Command line test" duration-ms="3" started-at="2018-07-10T13:34:40Z" finished-at="2018-07-10T13:34:40Z">
    </test> <!-- Command line test -->
  </suite> <!-- com.sample.myfirstmavenproject.AppTest -->
</testng-results>
